2016-08-24 09:00:19.403  INFO 10532 --- [restartedMain] com.simple.base.SimpleBaseApplication    : Starting SimpleBaseApplication on DST60814 with PID 10532 (D:\program\java\framework\JXSimple\simple\simple-base\target\classes started by zhangyq in D:\program\java\framework\JXSimple\simple\simple-base)
2016-08-24 09:00:19.406  INFO 10532 --- [restartedMain] com.simple.base.SimpleBaseApplication    : The following profiles are active: dev
2016-08-24 09:00:19.725  INFO 10532 --- [restartedMain] ationConfigEmbeddedWebApplicationContext : Refreshing org.springframework.boot.context.embedded.AnnotationConfigEmbeddedWebApplicationContext@1f6ae474: startup date [Wed Aug 24 09:00:19 CST 2016]; root of context hierarchy
2016-08-24 09:00:21.880  INFO 10532 --- [restartedMain] o.s.b.f.s.DefaultListableBeanFactory     : Overriding bean definition for bean 'managementServletContext' with a different definition: replacing [Root bean: class [null]; scope=; abstract=false; lazyInit=false; autowireMode=3; dependencyCheck=0; autowireCandidate=true; primary=false; factoryBeanName=org.springframework.boot.actuate.autoconfigure.EndpointWebMvcHypermediaManagementContextConfiguration; factoryMethodName=managementServletContext; initMethodName=null; destroyMethodName=(inferred); defined in class path resource [org/springframework/boot/actuate/autoconfigure/EndpointWebMvcHypermediaManagementContextConfiguration.class]] with [Root bean: class [null]; scope=; abstract=false; lazyInit=false; autowireMode=3; dependencyCheck=0; autowireCandidate=true; primary=false; factoryBeanName=org.springframework.boot.actuate.autoconfigure.EndpointWebMvcAutoConfiguration; factoryMethodName=managementServletContext; initMethodName=null; destroyMethodName=(inferred); defined in class path resource [org/springframework/boot/actuate/autoconfigure/EndpointWebMvcAutoConfiguration.class]]
2016-08-24 09:00:22.798  INFO 10532 --- [restartedMain] trationDelegate$BeanPostProcessorChecker : Bean 'org.springframework.transaction.annotation.ProxyTransactionManagementConfiguration' of type [class org.springframework.transaction.annotation.ProxyTransactionManagementConfiguration$$EnhancerBySpringCGLIB$$af8a978b] is not eligible for getting processed by all BeanPostProcessors (for example: not eligible for auto-proxying)
2016-08-24 09:00:22.843  INFO 10532 --- [restartedMain] trationDelegate$BeanPostProcessorChecker : Bean 'org.springframework.security.config.annotation.configuration.ObjectPostProcessorConfiguration' of type [class org.springframework.security.config.annotation.configuration.ObjectPostProcessorConfiguration$$EnhancerBySpringCGLIB$$48385fc5] is not eligible for getting processed by all BeanPostProcessors (for example: not eligible for auto-proxying)
2016-08-24 09:00:22.860  INFO 10532 --- [restartedMain] trationDelegate$BeanPostProcessorChecker : Bean 'objectPostProcessor' of type [class org.springframework.security.config.annotation.configuration.AutowireBeanFactoryObjectPostProcessor] is not eligible for getting processed by all BeanPostProcessors (for example: not eligible for auto-proxying)
2016-08-24 09:00:22.861  INFO 10532 --- [restartedMain] trationDelegate$BeanPostProcessorChecker : Bean 'org.springframework.security.access.expression.method.DefaultMethodSecurityExpressionHandler@7e4f74e3' of type [class org.springframework.security.access.expression.method.DefaultMethodSecurityExpressionHandler] is not eligible for getting processed by all BeanPostProcessors (for example: not eligible for auto-proxying)
2016-08-24 09:00:22.874  INFO 10532 --- [restartedMain] trationDelegate$BeanPostProcessorChecker : Bean 'org.springframework.security.config.annotation.method.configuration.GlobalMethodSecurityConfiguration' of type [class org.springframework.security.config.annotation.method.configuration.GlobalMethodSecurityConfiguration$$EnhancerBySpringCGLIB$$6d0d0277] is not eligible for getting processed by all BeanPostProcessors (for example: not eligible for auto-proxying)
2016-08-24 09:00:22.887  INFO 10532 --- [restartedMain] trationDelegate$BeanPostProcessorChecker : Bean 'methodSecurityMetadataSource' of type [class org.springframework.security.access.method.DelegatingMethodSecurityMetadataSource] is not eligible for getting processed by all BeanPostProcessors (for example: not eligible for auto-proxying)
2016-08-24 09:00:22.900  INFO 10532 --- [restartedMain] trationDelegate$BeanPostProcessorChecker : Bean 'redisCacheConfiguration' of type [class com.simple.base.components.cache.config.RedisCacheConfiguration$$EnhancerBySpringCGLIB$$7dc67a29] is not eligible for getting processed by all BeanPostProcessors (for example: not eligible for auto-proxying)
2016-08-24 09:00:22.908  INFO 10532 --- [restartedMain] trationDelegate$BeanPostProcessorChecker : Bean 'org.springframework.cache.annotation.ProxyCachingConfiguration' of type [class org.springframework.cache.annotation.ProxyCachingConfiguration$$EnhancerBySpringCGLIB$$f89ccda9] is not eligible for getting processed by all BeanPostProcessors (for example: not eligible for auto-proxying)
2016-08-24 09:00:23.661  INFO 10532 --- [restartedMain] s.b.c.e.t.TomcatEmbeddedServletContainer : Tomcat initialized with port(s): 9090 (http)
2016-08-24 09:00:23.677  INFO 10532 --- [restartedMain] o.apache.catalina.core.StandardService   : Starting service Tomcat
2016-08-24 09:00:23.678  INFO 10532 --- [restartedMain] org.apache.catalina.core.StandardEngine  : Starting Servlet Engine: Apache Tomcat/8.0.36
2016-08-24 09:00:23.831  INFO 10532 --- [localhost-startStop-1] o.a.c.c.C.[Tomcat].[localhost].[/]       : Initializing Spring embedded WebApplicationContext
2016-08-24 09:00:23.832  INFO 10532 --- [localhost-startStop-1] o.s.web.context.ContextLoader            : Root WebApplicationContext: initialization completed in 4109 ms
2016-08-24 09:00:24.633  INFO 10532 --- [localhost-startStop-1] j.LocalContainerEntityManagerFactoryBean : Building JPA container EntityManagerFactory for persistence unit 'default'
2016-08-24 09:00:24.652  INFO 10532 --- [localhost-startStop-1] o.hibernate.jpa.internal.util.LogHelper  : HHH000204: Processing PersistenceUnitInfo [
	name: default
	...]
2016-08-24 09:00:24.747  INFO 10532 --- [localhost-startStop-1] org.hibernate.Version                    : HHH000412: Hibernate Core {4.3.11.Final}
2016-08-24 09:00:24.749  INFO 10532 --- [localhost-startStop-1] org.hibernate.cfg.Environment            : HHH000206: hibernate.properties not found
2016-08-24 09:00:24.751  INFO 10532 --- [localhost-startStop-1] org.hibernate.cfg.Environment            : HHH000021: Bytecode provider name : javassist
2016-08-24 09:00:26.044  INFO 10532 --- [localhost-startStop-1] o.hibernate.annotations.common.Version   : HCANN000001: Hibernate Commons Annotations {4.0.5.Final}
2016-08-24 09:00:26.134  INFO 10532 --- [localhost-startStop-1] com.zaxxer.hikari.HikariDataSource       : HikariPool-1 - Started.
2016-08-24 09:00:26.480  INFO 10532 --- [localhost-startStop-1] org.hibernate.dialect.Dialect            : HHH000400: Using dialect: org.hibernate.dialect.MySQL5Dialect
2016-08-24 09:00:26.680  INFO 10532 --- [localhost-startStop-1] o.h.h.i.ast.ASTQueryTranslatorFactory    : HHH000397: Using ASTQueryTranslatorFactory
2016-08-24 09:00:27.042  INFO 10532 --- [localhost-startStop-1] org.hibernate.tool.hbm2ddl.SchemaUpdate  : HHH000228: Running hbm2ddl schema update
2016-08-24 09:00:27.042  INFO 10532 --- [localhost-startStop-1] org.hibernate.tool.hbm2ddl.SchemaUpdate  : HHH000102: Fetching database metadata
2016-08-24 09:00:27.046  INFO 10532 --- [localhost-startStop-1] org.hibernate.tool.hbm2ddl.SchemaUpdate  : HHH000396: Updating schema
2016-08-24 09:00:27.082  INFO 10532 --- [localhost-startStop-1] o.hibernate.tool.hbm2ddl.TableMetadata   : HHH000261: Table found: mydb.device_item
2016-08-24 09:00:27.083  INFO 10532 --- [localhost-startStop-1] o.hibernate.tool.hbm2ddl.TableMetadata   : HHH000037: Columns: [status_id, type_id, device_code, name, temperature, typeid, id, ext2, ext1, status]
2016-08-24 09:00:27.083  INFO 10532 --- [localhost-startStop-1] o.hibernate.tool.hbm2ddl.TableMetadata   : HHH000108: Foreign keys: [fk_s95hlq3st6qmg9ts7e60c4kcx]
2016-08-24 09:00:27.084  INFO 10532 --- [localhost-startStop-1] o.hibernate.tool.hbm2ddl.TableMetadata   : HHH000126: Indexes: [fk_s95hlq3st6qmg9ts7e60c4kcx, primary]
2016-08-24 09:00:27.112  INFO 10532 --- [localhost-startStop-1] o.hibernate.tool.hbm2ddl.TableMetadata   : HHH000261: Table found: mydb.device_param_status
2016-08-24 09:00:27.113  INFO 10532 --- [localhost-startStop-1] o.hibernate.tool.hbm2ddl.TableMetadata   : HHH000037: Columns: [param_value, item_id, temperature, id, param_name, status, param_id]
2016-08-24 09:00:27.114  INFO 10532 --- [localhost-startStop-1] o.hibernate.tool.hbm2ddl.TableMetadata   : HHH000108: Foreign keys: []
2016-08-24 09:00:27.114  INFO 10532 --- [localhost-startStop-1] o.hibernate.tool.hbm2ddl.TableMetadata   : HHH000126: Indexes: [primary]
2016-08-24 09:00:27.135  INFO 10532 --- [localhost-startStop-1] o.hibernate.tool.hbm2ddl.TableMetadata   : HHH000261: Table found: mydb.device_status
2016-08-24 09:00:27.136  INFO 10532 --- [localhost-startStop-1] o.hibernate.tool.hbm2ddl.TableMetadata   : HHH000037: Columns: [type_id, device_code, name, temperature, id, ext1, status]
2016-08-24 09:00:27.136  INFO 10532 --- [localhost-startStop-1] o.hibernate.tool.hbm2ddl.TableMetadata   : HHH000108: Foreign keys: []
2016-08-24 09:00:27.136  INFO 10532 --- [localhost-startStop-1] o.hibernate.tool.hbm2ddl.TableMetadata   : HHH000126: Indexes: [primary]
2016-08-24 09:00:27.151  INFO 10532 --- [localhost-startStop-1] o.hibernate.tool.hbm2ddl.TableMetadata   : HHH000261: Table found: mydb.device_type
2016-08-24 09:00:27.151  INFO 10532 --- [localhost-startStop-1] o.hibernate.tool.hbm2ddl.TableMetadata   : HHH000037: Columns: [des, name, model, id, pic, picid]
2016-08-24 09:00:27.151  INFO 10532 --- [localhost-startStop-1] o.hibernate.tool.hbm2ddl.TableMetadata   : HHH000108: Foreign keys: []
2016-08-24 09:00:27.151  INFO 10532 --- [localhost-startStop-1] o.hibernate.tool.hbm2ddl.TableMetadata   : HHH000126: Indexes: [primary]
2016-08-24 09:00:27.172  INFO 10532 --- [localhost-startStop-1] o.hibernate.tool.hbm2ddl.TableMetadata   : HHH000261: Table found: mydb.file_upload_info
2016-08-24 09:00:27.172  INFO 10532 --- [localhost-startStop-1] o.hibernate.tool.hbm2ddl.TableMetadata   : HHH000037: Columns: [filetype, filename, fullpath, bztype, id]
2016-08-24 09:00:27.172  INFO 10532 --- [localhost-startStop-1] o.hibernate.tool.hbm2ddl.TableMetadata   : HHH000108: Foreign keys: []
2016-08-24 09:00:27.172  INFO 10532 --- [localhost-startStop-1] o.hibernate.tool.hbm2ddl.TableMetadata   : HHH000126: Indexes: [primary]
2016-08-24 09:00:27.197  INFO 10532 --- [localhost-startStop-1] o.hibernate.tool.hbm2ddl.TableMetadata   : HHH000261: Table found: mydb.sys_permission
2016-08-24 09:00:27.198  INFO 10532 --- [localhost-startStop-1] o.hibernate.tool.hbm2ddl.TableMetadata   : HHH000037: Columns: [parent_id, available, name, resource_type, permission, id, parent_ids, url]
2016-08-24 09:00:27.198  INFO 10532 --- [localhost-startStop-1] o.hibernate.tool.hbm2ddl.TableMetadata   : HHH000108: Foreign keys: []
2016-08-24 09:00:27.198  INFO 10532 --- [localhost-startStop-1] o.hibernate.tool.hbm2ddl.TableMetadata   : HHH000126: Indexes: [primary]
2016-08-24 09:00:27.222  INFO 10532 --- [localhost-startStop-1] o.hibernate.tool.hbm2ddl.TableMetadata   : HHH000261: Table found: mydb.sys_role
2016-08-24 09:00:27.222  INFO 10532 --- [localhost-startStop-1] o.hibernate.tool.hbm2ddl.TableMetadata   : HHH000037: Columns: [role, available, description, id]
2016-08-24 09:00:27.223  INFO 10532 --- [localhost-startStop-1] o.hibernate.tool.hbm2ddl.TableMetadata   : HHH000108: Foreign keys: []
2016-08-24 09:00:27.223  INFO 10532 --- [localhost-startStop-1] o.hibernate.tool.hbm2ddl.TableMetadata   : HHH000126: Indexes: [primary]
2016-08-24 09:00:27.240  INFO 10532 --- [localhost-startStop-1] o.hibernate.tool.hbm2ddl.TableMetadata   : HHH000261: Table found: mydb.sys_role_permission
2016-08-24 09:00:27.241  INFO 10532 --- [localhost-startStop-1] o.hibernate.tool.hbm2ddl.TableMetadata   : HHH000037: Columns: [role_id, permission_id]
2016-08-24 09:00:27.241  INFO 10532 --- [localhost-startStop-1] o.hibernate.tool.hbm2ddl.TableMetadata   : HHH000108: Foreign keys: [fk_8n7kjpptsuop8jvkeh4ls34ct, fk_6ov1c9l6b3e2o9d3q889c90l]
2016-08-24 09:00:27.241  INFO 10532 --- [localhost-startStop-1] o.hibernate.tool.hbm2ddl.TableMetadata   : HHH000126: Indexes: [fk_8n7kjpptsuop8jvkeh4ls34ct, fk_6ov1c9l6b3e2o9d3q889c90l]
2016-08-24 09:00:27.266  INFO 10532 --- [localhost-startStop-1] o.hibernate.tool.hbm2ddl.TableMetadata   : HHH000261: Table found: mydb.sys_user_role
2016-08-24 09:00:27.267  INFO 10532 --- [localhost-startStop-1] o.hibernate.tool.hbm2ddl.TableMetadata   : HHH000037: Columns: [uid, role_id]
2016-08-24 09:00:27.267  INFO 10532 --- [localhost-startStop-1] o.hibernate.tool.hbm2ddl.TableMetadata   : HHH000108: Foreign keys: [fk_fxu3td9m5o7qov1kbdvmn0g0x, fk_p2ufwk397udfuakvsnok5wqmf]
2016-08-24 09:00:27.268  INFO 10532 --- [localhost-startStop-1] o.hibernate.tool.hbm2ddl.TableMetadata   : HHH000126: Indexes: [fk_fxu3td9m5o7qov1kbdvmn0g0x, fk_p2ufwk397udfuakvsnok5wqmf]
2016-08-24 09:00:27.296  INFO 10532 --- [localhost-startStop-1] o.hibernate.tool.hbm2ddl.TableMetadata   : HHH000261: Table found: mydb.user
2016-08-24 09:00:27.297  INFO 10532 --- [localhost-startStop-1] o.hibernate.tool.hbm2ddl.TableMetadata   : HHH000037: Columns: [password, address, salt, user_id, name, last_modified_date, id, state, email, username]
2016-08-24 09:00:27.297  INFO 10532 --- [localhost-startStop-1] o.hibernate.tool.hbm2ddl.TableMetadata   : HHH000108: Foreign keys: []
2016-08-24 09:00:27.297  INFO 10532 --- [localhost-startStop-1] o.hibernate.tool.hbm2ddl.TableMetadata   : HHH000126: Indexes: [primary]
2016-08-24 09:00:27.315  INFO 10532 --- [localhost-startStop-1] o.hibernate.tool.hbm2ddl.TableMetadata   : HHH000261: Table found: mydb.user_client_info
2016-08-24 09:00:27.315  INFO 10532 --- [localhost-startStop-1] o.hibernate.tool.hbm2ddl.TableMetadata   : HHH000037: Columns: [soft_version, device_id, service_provider, is_control, phone_model, login_status, login_end_time, platform_type, sim_id, user_id, product_id, id, create_date, network_type, channel_id, create_month, login_begin_time, status]
2016-08-24 09:00:27.315  INFO 10532 --- [localhost-startStop-1] o.hibernate.tool.hbm2ddl.TableMetadata   : HHH000108: Foreign keys: []
2016-08-24 09:00:27.315  INFO 10532 --- [localhost-startStop-1] o.hibernate.tool.hbm2ddl.TableMetadata   : HHH000126: Indexes: [primary]
2016-08-24 09:00:27.332  INFO 10532 --- [localhost-startStop-1] o.hibernate.tool.hbm2ddl.TableMetadata   : HHH000261: Table found: mydb.user_info
2016-08-24 09:00:27.332  INFO 10532 --- [localhost-startStop-1] o.hibernate.tool.hbm2ddl.TableMetadata   : HHH000037: Columns: [area_name, birthday, last_login_time, user_id, nickname, id, register_time]
2016-08-24 09:00:27.332  INFO 10532 --- [localhost-startStop-1] o.hibernate.tool.hbm2ddl.TableMetadata   : HHH000108: Foreign keys: []
2016-08-24 09:00:27.332  INFO 10532 --- [localhost-startStop-1] o.hibernate.tool.hbm2ddl.TableMetadata   : HHH000126: Indexes: [primary]
2016-08-24 09:00:27.371 ERROR 10532 --- [localhost-startStop-1] org.hibernate.tool.hbm2ddl.SchemaUpdate  : HHH000388: Unsuccessful: alter table device_item add constraint FK_lh2bn9139fa03uevhfmupbf3j foreign key (status_id) references device_status (id)
2016-08-24 09:00:27.372 ERROR 10532 --- [localhost-startStop-1] org.hibernate.tool.hbm2ddl.SchemaUpdate  : Cannot add or update a child row: a foreign key constraint fails (`mydb`.`#sql-c48_2`, CONSTRAINT `FK_lh2bn9139fa03uevhfmupbf3j` FOREIGN KEY (`status_id`) REFERENCES `device_status` (`id`))
2016-08-24 09:00:27.372  INFO 10532 --- [localhost-startStop-1] org.hibernate.tool.hbm2ddl.SchemaUpdate  : HHH000232: Schema update complete
2016-08-24 09:00:28.293  INFO 10532 --- [localhost-startStop-1] o.s.b.f.config.PropertiesFactoryBean     : Loading properties file from class path resource [rest-default-messages.properties]
2016-08-24 09:00:28.654  INFO 10532 --- [localhost-startStop-1] o.s.b.c.embedded.FilterRegistrationBean  : Mapping filter: 'metricFilter' to: [/*]
2016-08-24 09:00:28.655  INFO 10532 --- [localhost-startStop-1] o.s.b.c.embedded.FilterRegistrationBean  : Mapping filter: 'characterEncodingFilter' to: [/*]
2016-08-24 09:00:28.655  INFO 10532 --- [localhost-startStop-1] o.s.b.c.embedded.FilterRegistrationBean  : Mapping filter: 'hiddenHttpMethodFilter' to: [/*]
2016-08-24 09:00:28.655  INFO 10532 --- [localhost-startStop-1] o.s.b.c.embedded.FilterRegistrationBean  : Mapping filter: 'httpPutFormContentFilter' to: [/*]
2016-08-24 09:00:28.655  INFO 10532 --- [localhost-startStop-1] o.s.b.c.embedded.FilterRegistrationBean  : Mapping filter: 'requestContextFilter' to: [/*]
2016-08-24 09:00:28.656  INFO 10532 --- [localhost-startStop-1] .e.DelegatingFilterProxyRegistrationBean : Mapping filter: 'springSecurityFilterChain' to: [/*]
2016-08-24 09:00:28.656  INFO 10532 --- [localhost-startStop-1] o.s.b.c.embedded.FilterRegistrationBean  : Mapping filter: 'webRequestLoggingFilter' to: [/*]
2016-08-24 09:00:28.656  INFO 10532 --- [localhost-startStop-1] o.s.b.c.embedded.FilterRegistrationBean  : Mapping filter: 'applicationContextIdFilter' to: [/*]
2016-08-24 09:00:28.657  INFO 10532 --- [localhost-startStop-1] o.s.b.c.e.ServletRegistrationBean        : Mapping servlet: 'dispatcherServlet' to [/]
2016-08-24 09:00:29.133  INFO 10532 --- [localhost-startStop-1] o.s.s.web.DefaultSecurityFilterChain     : Creating filter chain: OrRequestMatcher [requestMatchers=[Ant [pattern='/css/**'], Ant [pattern='/js/**'], Ant [pattern='/images/**'], Ant [pattern='/**/favicon.ico'], Ant [pattern='/error']]], []
2016-08-24 09:00:29.224  INFO 10532 --- [localhost-startStop-1] o.s.s.web.DefaultSecurityFilterChain     : Creating filter chain: org.springframework.security.web.util.matcher.AnyRequestMatcher@1, [org.springframework.security.web.context.request.async.WebAsyncManagerIntegrationFilter@27c0dc61, org.springframework.security.web.context.SecurityContextPersistenceFilter@586f20a1, org.springframework.security.web.header.HeaderWriterFilter@b819fe3, org.springframework.security.web.authentication.logout.LogoutFilter@2582e7bc, org.springframework.security.web.authentication.UsernamePasswordAuthenticationFilter@78ca3523, org.springframework.security.web.savedrequest.RequestCacheAwareFilter@5a4ce077, org.springframework.security.web.servletapi.SecurityContextHolderAwareRequestFilter@17ff3d3e, org.springframework.security.web.authentication.AnonymousAuthenticationFilter@3a0ab918, org.springframework.security.web.session.SessionManagementFilter@2e5bdbd, org.springframework.security.web.access.ExceptionTranslationFilter@1c458a8c, org.springframework.security.web.access.intercept.FilterSecurityInterceptor@3b1f9bcf]
2016-08-24 09:00:29.252  INFO 10532 --- [localhost-startStop-1] o.s.s.web.DefaultSecurityFilterChain     : Creating filter chain: Ant [pattern='/manage/**'], [org.springframework.security.web.context.request.async.WebAsyncManagerIntegrationFilter@260d82a, org.springframework.security.web.context.SecurityContextPersistenceFilter@2e88bc85, org.springframework.security.web.header.HeaderWriterFilter@622375b6, org.springframework.security.web.authentication.logout.LogoutFilter@201c38ed, org.springframework.security.web.authentication.www.BasicAuthenticationFilter@f0ebbbb, org.springframework.security.web.savedrequest.RequestCacheAwareFilter@3ac6ceb1, org.springframework.security.web.servletapi.SecurityContextHolderAwareRequestFilter@43b1929a, org.springframework.security.web.authentication.AnonymousAuthenticationFilter@445a6057, org.springframework.security.web.session.SessionManagementFilter@600c93b4, org.springframework.security.web.access.ExceptionTranslationFilter@13b0ed48, org.springframework.security.web.access.intercept.FilterSecurityInterceptor@1d1b6cf5]
2016-08-24 09:00:31.292  INFO 10532 --- [restartedMain] s.w.s.m.m.a.RequestMappingHandlerAdapter : Looking for @ControllerAdvice: org.springframework.boot.context.embedded.AnnotationConfigEmbeddedWebApplicationContext@1f6ae474: startup date [Wed Aug 24 09:00:19 CST 2016]; root of context hierarchy
2016-08-24 09:00:31.299  INFO 10532 --- [restartedMain] s.w.s.m.m.a.RequestMappingHandlerAdapter : Detected @ModelAttribute methods in defaultWebControllerHandler
2016-08-24 09:00:31.302  INFO 10532 --- [restartedMain] s.w.s.m.m.a.RequestMappingHandlerAdapter : Detected ResponseBodyAdvice bean in org.springframework.boot.actuate.autoconfigure.EndpointWebMvcHypermediaManagementContextConfiguration$ActuatorEndpointLinksAdvice
2016-08-24 09:00:31.372  INFO 10532 --- [restartedMain] s.w.s.m.m.a.RequestMappingHandlerMapping : Mapped "{[/admin/iot],methods=[GET]}" onto public java.lang.String com.simple.base.bz.admin.controller.AdminController.rootpage()
2016-08-24 09:00:31.373  INFO 10532 --- [restartedMain] s.w.s.m.m.a.RequestMappingHandlerMapping : Mapped "{[/admin/iot/deviceType],methods=[GET]}" onto public java.lang.String com.simple.base.bz.admin.controller.AdminController.channelpage()
2016-08-24 09:00:31.373  INFO 10532 --- [restartedMain] s.w.s.m.m.a.RequestMappingHandlerMapping : Mapped "{[/admin/analyse/{side}],methods=[GET]}" onto public org.springframework.web.servlet.ModelAndView com.simple.base.bz.admin.controller.AdminController.manageAndAnalysis(java.lang.String)
2016-08-24 09:00:31.377  INFO 10532 --- [restartedMain] s.w.s.m.m.a.RequestMappingHandlerMapping : Mapped "{[/iot/deviceTypes/remove/{id}],methods=[POST]}" onto public com.simple.base.bz.iot.entity.IOTResponse com.simple.base.bz.iot.controller.IOTController.remove(java.lang.Long)
2016-08-24 09:00:31.377  INFO 10532 --- [restartedMain] s.w.s.m.m.a.RequestMappingHandlerMapping : Mapped "{[/iot/deviceTypes/save],methods=[POST]}" onto public com.simple.base.bz.iot.entity.DeviceType com.simple.base.bz.iot.controller.IOTController.save(com.simple.base.bz.iot.entity.DeviceType)
2016-08-24 09:00:31.378  INFO 10532 --- [restartedMain] s.w.s.m.m.a.RequestMappingHandlerMapping : Mapped "{[/iot/deviceItems/remove/{id}],methods=[POST]}" onto public com.simple.base.bz.iot.entity.IOTResponse com.simple.base.bz.iot.controller.IOTController.removeItem(java.lang.Long)
2016-08-24 09:00:31.378  INFO 10532 --- [restartedMain] s.w.s.m.m.a.RequestMappingHandlerMapping : Mapped "{[/iot/deviceTypes/{id}],methods=[GET]}" onto public com.simple.base.bz.iot.entity.DeviceType com.simple.base.bz.iot.controller.IOTController.channelpage(java.lang.Long)
2016-08-24 09:00:31.378  INFO 10532 --- [restartedMain] s.w.s.m.m.a.RequestMappingHandlerMapping : Mapped "{[/iot/deviceItems/],methods=[GET]}" onto public java.util.List<com.simple.base.bz.iot.entity.DeviceItem> com.simple.base.bz.iot.controller.IOTController.deviceItems()
2016-08-24 09:00:31.378  INFO 10532 --- [restartedMain] s.w.s.m.m.a.RequestMappingHandlerMapping : Mapped "{[/iot/deviceTypes/],methods=[GET]}" onto public java.util.List<com.simple.base.bz.iot.entity.DeviceType> com.simple.base.bz.iot.controller.IOTController.deviceTypes()
2016-08-24 09:00:31.378  INFO 10532 --- [restartedMain] s.w.s.m.m.a.RequestMappingHandlerMapping : Mapped "{[/iot/deviceItems/save],methods=[POST]}" onto public com.simple.base.bz.iot.entity.DeviceItem com.simple.base.bz.iot.controller.IOTController.saveItem(java.lang.Long,com.simple.base.bz.iot.entity.DeviceItem)
2016-08-24 09:00:31.379  INFO 10532 --- [restartedMain] s.w.s.m.m.a.RequestMappingHandlerMapping : Mapped "{[/iot/deviceItems/saveStatus],methods=[POST]}" onto public com.simple.base.bz.iot.entity.DeviceStatus com.simple.base.bz.iot.controller.IOTController.saveItemStatus(java.lang.Long,com.simple.base.bz.iot.entity.DeviceStatus)
2016-08-24 09:00:31.379  INFO 10532 --- [restartedMain] s.w.s.m.m.a.RequestMappingHandlerMapping : Mapped "{[/iot/deviceItems/getStatus],methods=[GET]}" onto public com.simple.base.bz.iot.entity.DeviceStatus com.simple.base.bz.iot.controller.IOTController.getItemStatus(java.lang.Long)
2016-08-24 09:00:31.379  INFO 10532 --- [restartedMain] s.w.s.m.m.a.RequestMappingHandlerMapping : Mapped "{[/iot/test/{name}],methods=[GET]}" onto public java.util.List<com.simple.base.bz.iot.entity.DeviceType> com.simple.base.bz.iot.controller.IOTController.findTypes(java.lang.String)
2016-08-24 09:00:31.381  INFO 10532 --- [restartedMain] s.w.s.m.m.a.RequestMappingHandlerMapping : Mapped "{[/files/process],methods=[GET]}" onto public java.lang.Object com.simple.base.components.file.controller.FileController.process(javax.servlet.http.HttpServletRequest,javax.servlet.http.HttpServletResponse) throws java.lang.Exception
2016-08-24 09:00:31.381  INFO 10532 --- [restartedMain] s.w.s.m.m.a.RequestMappingHandlerMapping : Mapped "{[/files/uploadpage],methods=[POST]}" onto public java.lang.String com.simple.base.components.file.controller.FileController.uploadfile()
2016-08-24 09:00:31.381  INFO 10532 --- [restartedMain] s.w.s.m.m.a.RequestMappingHandlerMapping : Mapped "{[/files/uploadfile2],methods=[POST]}" onto public org.springframework.web.servlet.ModelAndView com.simple.base.components.file.controller.FileController.upload(javax.servlet.http.HttpServletRequest,javax.servlet.http.HttpServletResponse) throws java.lang.Exception
2016-08-24 09:00:31.382  INFO 10532 --- [restartedMain] s.w.s.m.m.a.RequestMappingHandlerMapping : Mapped "{[/files/getFilePath],methods=[GET]}" onto public java.lang.String com.simple.base.components.file.controller.FileController.getFileFullPath(java.lang.Long)
2016-08-24 09:00:31.382  INFO 10532 --- [restartedMain] s.w.s.m.m.a.RequestMappingHandlerMapping : Mapped "{[/files/upload],methods=[POST]}" onto public java.lang.String com.simple.base.components.file.controller.FileController.handleFileUpload(org.springframework.web.multipart.MultipartFile,javax.servlet.http.HttpServletRequest)
2016-08-24 09:00:31.382  INFO 10532 --- [restartedMain] s.w.s.m.m.a.RequestMappingHandlerMapping : Mapped "{[/files/uploadFile],methods=[POST]}" onto public java.lang.String com.simple.base.components.file.controller.FileController.FileUpload(org.springframework.web.multipart.MultipartFile)
2016-08-24 09:00:31.382  INFO 10532 --- [restartedMain] s.w.s.m.m.a.RequestMappingHandlerMapping : Mapped "{[/files/uploadFiles],methods=[POST]}" onto public java.lang.String com.simple.base.components.file.controller.FileController.FilesUpload(javax.servlet.http.HttpServletRequest)
2016-08-24 09:00:31.383  INFO 10532 --- [restartedMain] s.w.s.m.m.a.RequestMappingHandlerMapping : Mapped "{[/person/save]}" onto public com.simple.base.components.mongo.entity.Person com.simple.base.components.mongo.controller.DataController.save()
2016-08-24 09:00:31.383  INFO 10532 --- [restartedMain] s.w.s.m.m.a.RequestMappingHandlerMapping : Mapped "{[/person/q1]}" onto public com.simple.base.components.mongo.entity.Person com.simple.base.components.mongo.controller.DataController.q1(java.lang.String)
2016-08-24 09:00:31.383  INFO 10532 --- [restartedMain] s.w.s.m.m.a.RequestMappingHandlerMapping : Mapped "{[/person/q2]}" onto public java.util.List<com.simple.base.components.mongo.entity.Person> com.simple.base.components.mongo.controller.DataController.q2(java.lang.Integer)
2016-08-24 09:00:31.384  INFO 10532 --- [restartedMain] s.w.s.m.m.a.RequestMappingHandlerMapping : Mapped "{[/server/start],methods=[GET]}" onto public long com.simple.base.components.nio.rest.NIOController.startServer()
2016-08-24 09:00:31.384  INFO 10532 --- [restartedMain] s.w.s.m.m.a.RequestMappingHandlerMapping : Mapped "{[/server/stop],methods=[GET]}" onto public long com.simple.base.components.nio.rest.NIOController.stopServer()
2016-08-24 09:00:31.385  INFO 10532 --- [restartedMain] s.w.s.m.m.a.RequestMappingHandlerMapping : Mapped "{[/ || /index],methods=[GET]}" onto public java.lang.String com.simple.base.components.user.rest.UserController.index()
2016-08-24 09:00:31.385  INFO 10532 --- [restartedMain] s.w.s.m.m.a.RequestMappingHandlerMapping : Mapped "{[/register],methods=[POST]}" onto public long com.simple.base.components.user.rest.UserController.register(com.simple.base.components.user.entity.User)
2016-08-24 09:00:31.385  INFO 10532 --- [restartedMain] s.w.s.m.m.a.RequestMappingHandlerMapping : Mapped "{[/login],methods=[POST]}" onto public java.lang.String com.simple.base.components.user.rest.UserController.login(javax.servlet.http.HttpServletRequest,java.util.Map<java.lang.String, java.lang.Object>) throws java.lang.Exception
2016-08-24 09:00:31.385  INFO 10532 --- [restartedMain] s.w.s.m.m.a.RequestMappingHandlerMapping : Mapped "{[/login],methods=[GET]}" onto public java.lang.String com.simple.base.components.user.rest.UserController.login()
2016-08-24 09:00:31.385  INFO 10532 --- [restartedMain] s.w.s.m.m.a.RequestMappingHandlerMapping : Mapped "{[/403],methods=[GET]}" onto public java.lang.String com.simple.base.components.user.rest.UserController.noPersmission()
2016-08-24 09:00:31.386  INFO 10532 --- [restartedMain] s.w.s.m.m.a.RequestMappingHandlerMapping : Mapped "{[/user/userList],methods=[GET]}" onto public java.lang.String com.simple.base.components.user.rest.UserManager.userInfo()
2016-08-24 09:00:31.386  INFO 10532 --- [restartedMain] s.w.s.m.m.a.RequestMappingHandlerMapping : Mapped "{[/user/userAdd],methods=[POST]}" onto public java.lang.String com.simple.base.components.user.rest.UserManager.userInfoAdd()
2016-08-24 09:00:31.386  INFO 10532 --- [restartedMain] s.w.s.m.m.a.RequestMappingHandlerMapping : Mapped "{[/user/userDel],methods=[POST]}" onto public java.lang.String com.simple.base.components.user.rest.UserManager.userDel()
2016-08-24 09:00:31.387  INFO 10532 --- [restartedMain] s.w.s.m.m.a.RequestMappingHandlerMapping : Mapped "{[/appServer/provider],methods=[GET]}" onto java.lang.String com.simple.base.components.wechat.rest.WeixinController.getService(org.springframework.web.context.request.WebRequest)
2016-08-24 09:00:31.387  INFO 10532 --- [restartedMain] s.w.s.m.m.a.RequestMappingHandlerMapping : Mapped "{[/appServer/testWeixin],methods=[GET]}" onto public java.lang.String com.simple.base.components.wechat.rest.WeixinController.welcome(java.lang.String)
2016-08-24 09:00:31.387  INFO 10532 --- [restartedMain] s.w.s.m.m.a.RequestMappingHandlerMapping : Mapped "{[/appServer/provider],methods=[POST]}" onto public java.lang.String com.simple.base.components.wechat.rest.WeixinController.xmlPostService(org.springframework.web.context.request.WebRequest,java.lang.String)
2016-08-24 09:00:31.389  INFO 10532 --- [restartedMain] s.w.s.m.m.a.RequestMappingHandlerMapping : Mapped "{[/error]}" onto public org.springframework.http.ResponseEntity<java.util.Map<java.lang.String, java.lang.Object>> org.springframework.boot.autoconfigure.web.BasicErrorController.error(javax.servlet.http.HttpServletRequest)
2016-08-24 09:00:31.389  INFO 10532 --- [restartedMain] s.w.s.m.m.a.RequestMappingHandlerMapping : Mapped "{[/error],produces=[text/html]}" onto public org.springframework.web.servlet.ModelAndView org.springframework.boot.autoconfigure.web.BasicErrorController.errorHtml(javax.servlet.http.HttpServletRequest,javax.servlet.http.HttpServletResponse)
2016-08-24 09:00:31.396  INFO 10532 --- [restartedMain] o.s.w.s.c.a.WebMvcConfigurerAdapter      : Adding welcome page: class path resource [static/index.html]
2016-08-24 09:00:31.406  INFO 10532 --- [restartedMain] o.s.w.s.handler.SimpleUrlHandlerMapping  : Root mapping to handler of type [class org.springframework.web.servlet.mvc.ParameterizableViewController]
2016-08-24 09:00:31.424  INFO 10532 --- [restartedMain] o.s.w.s.handler.SimpleUrlHandlerMapping  : Mapped URL path [/images/**] onto handler of type [class org.springframework.web.servlet.resource.ResourceHttpRequestHandler]
2016-08-24 09:00:31.424  INFO 10532 --- [restartedMain] o.s.w.s.handler.SimpleUrlHandlerMapping  : Mapped URL path [/webjars/**] onto handler of type [class org.springframework.web.servlet.resource.ResourceHttpRequestHandler]
2016-08-24 09:00:31.424  INFO 10532 --- [restartedMain] o.s.w.s.handler.SimpleUrlHandlerMapping  : Mapped URL path [/**] onto handler of type [class org.springframework.web.servlet.resource.ResourceHttpRequestHandler]
2016-08-24 09:00:31.447  INFO 10532 --- [restartedMain] .m.m.a.ExceptionHandlerExceptionResolver : Detected @ExceptionHandler methods in defaultWebControllerHandler
2016-08-24 09:00:31.448  INFO 10532 --- [restartedMain] .m.m.a.ExceptionHandlerExceptionResolver : Detected @ExceptionHandler methods in repositoryRestExceptionHandler
2016-08-24 09:00:31.448  INFO 10532 --- [restartedMain] .m.m.a.ExceptionHandlerExceptionResolver : Detected ResponseBodyAdvice implementation in org.springframework.boot.actuate.autoconfigure.EndpointWebMvcHypermediaManagementContextConfiguration$ActuatorEndpointLinksAdvice
2016-08-24 09:00:31.481  INFO 10532 --- [restartedMain] o.s.w.s.handler.SimpleUrlHandlerMapping  : Mapped URL path [/**/favicon.ico] onto handler of type [class org.springframework.web.servlet.resource.ResourceHttpRequestHandler]
2016-08-24 09:00:33.146  INFO 10532 --- [restartedMain] o.s.d.r.w.RepositoryRestHandlerAdapter   : Looking for @ControllerAdvice: org.springframework.boot.context.embedded.AnnotationConfigEmbeddedWebApplicationContext@1f6ae474: startup date [Wed Aug 24 09:00:19 CST 2016]; root of context hierarchy
2016-08-24 09:00:33.149  INFO 10532 --- [restartedMain] o.s.d.r.w.RepositoryRestHandlerAdapter   : Detected @ModelAttribute methods in defaultWebControllerHandler
2016-08-24 09:00:33.149  INFO 10532 --- [restartedMain] o.s.d.r.w.RepositoryRestHandlerAdapter   : Detected ResponseBodyAdvice bean in org.springframework.boot.actuate.autoconfigure.EndpointWebMvcHypermediaManagementContextConfiguration$ActuatorEndpointLinksAdvice
2016-08-24 09:00:33.167  INFO 10532 --- [restartedMain] o.s.d.r.w.RepositoryRestHandlerMapping   : Mapped "{[/autoapi/{repository}],methods=[OPTIONS],produces=[application/hal+json || application/json || application/*+json;charset=UTF-8]}" onto public org.springframework.http.ResponseEntity<?> org.springframework.data.rest.webmvc.RepositoryEntityController.optionsForCollectionResource(org.springframework.data.rest.webmvc.RootResourceInformation)
2016-08-24 09:00:33.167  INFO 10532 --- [restartedMain] o.s.d.r.w.RepositoryRestHandlerMapping   : Mapped "{[/autoapi/{repository}],methods=[HEAD],produces=[application/hal+json || application/json || application/*+json;charset=UTF-8]}" onto public org.springframework.http.ResponseEntity<?> org.springframework.data.rest.webmvc.RepositoryEntityController.headCollectionResource(org.springframework.data.rest.webmvc.RootResourceInformation,org.springframework.data.rest.webmvc.support.DefaultedPageable) throws org.springframework.web.HttpRequestMethodNotSupportedException
2016-08-24 09:00:33.167  INFO 10532 --- [restartedMain] o.s.d.r.w.RepositoryRestHandlerMapping   : Mapped "{[/autoapi/{repository}],methods=[GET],produces=[application/hal+json || application/json || application/*+json;charset=UTF-8]}" onto public org.springframework.hateoas.Resources<?> org.springframework.data.rest.webmvc.RepositoryEntityController.getCollectionResource(org.springframework.data.rest.webmvc.RootResourceInformation,org.springframework.data.rest.webmvc.support.DefaultedPageable,org.springframework.data.domain.Sort,org.springframework.data.rest.webmvc.PersistentEntityResourceAssembler) throws org.springframework.data.rest.webmvc.ResourceNotFoundException,org.springframework.web.HttpRequestMethodNotSupportedException
2016-08-24 09:00:33.167  INFO 10532 --- [restartedMain] o.s.d.r.w.RepositoryRestHandlerMapping   : Mapped "{[/autoapi/{repository}],methods=[GET],produces=[application/x-spring-data-compact+json || text/uri-list]}" onto public org.springframework.hateoas.Resources<?> org.springframework.data.rest.webmvc.RepositoryEntityController.getCollectionResourceCompact(org.springframework.data.rest.webmvc.RootResourceInformation,org.springframework.data.rest.webmvc.support.DefaultedPageable,org.springframework.data.domain.Sort,org.springframework.data.rest.webmvc.PersistentEntityResourceAssembler) throws org.springframework.data.rest.webmvc.ResourceNotFoundException,org.springframework.web.HttpRequestMethodNotSupportedException
2016-08-24 09:00:33.168  INFO 10532 --- [restartedMain] o.s.d.r.w.RepositoryRestHandlerMapping   : Mapped "{[/autoapi/{repository}],methods=[POST],produces=[application/hal+json || application/json || application/*+json;charset=UTF-8]}" onto public org.springframework.http.ResponseEntity<org.springframework.hateoas.ResourceSupport> org.springframework.data.rest.webmvc.RepositoryEntityController.postCollectionResource(org.springframework.data.rest.webmvc.RootResourceInformation,org.springframework.data.rest.webmvc.PersistentEntityResource,org.springframework.data.rest.webmvc.PersistentEntityResourceAssembler,java.lang.String) throws org.springframework.web.HttpRequestMethodNotSupportedException
2016-08-24 09:00:33.168  INFO 10532 --- [restartedMain] o.s.d.r.w.RepositoryRestHandlerMapping   : Mapped "{[/autoapi/{repository}/{id}],methods=[OPTIONS],produces=[application/hal+json || application/json || application/*+json;charset=UTF-8]}" onto public org.springframework.http.ResponseEntity<?> org.springframework.data.rest.webmvc.RepositoryEntityController.optionsForItemResource(org.springframework.data.rest.webmvc.RootResourceInformation)
2016-08-24 09:00:33.168  INFO 10532 --- [restartedMain] o.s.d.r.w.RepositoryRestHandlerMapping   : Mapped "{[/autoapi/{repository}/{id}],methods=[HEAD],produces=[application/hal+json || application/json || application/*+json;charset=UTF-8]}" onto public org.springframework.http.ResponseEntity<?> org.springframework.data.rest.webmvc.RepositoryEntityController.headForItemResource(org.springframework.data.rest.webmvc.RootResourceInformation,java.io.Serializable,org.springframework.data.rest.webmvc.PersistentEntityResourceAssembler) throws org.springframework.web.HttpRequestMethodNotSupportedException
2016-08-24 09:00:33.168  INFO 10532 --- [restartedMain] o.s.d.r.w.RepositoryRestHandlerMapping   : Mapped "{[/autoapi/{repository}/{id}],methods=[PATCH],produces=[application/hal+json || application/json || application/*+json;charset=UTF-8]}" onto public org.springframework.http.ResponseEntity<org.springframework.hateoas.ResourceSupport> org.springframework.data.rest.webmvc.RepositoryEntityController.patchItemResource(org.springframework.data.rest.webmvc.RootResourceInformation,org.springframework.data.rest.webmvc.PersistentEntityResource,java.io.Serializable,org.springframework.data.rest.webmvc.PersistentEntityResourceAssembler,org.springframework.data.rest.webmvc.support.ETag,java.lang.String) throws org.springframework.web.HttpRequestMethodNotSupportedException,org.springframework.data.rest.webmvc.ResourceNotFoundException
2016-08-24 09:00:33.169  INFO 10532 --- [restartedMain] o.s.d.r.w.RepositoryRestHandlerMapping   : Mapped "{[/autoapi/{repository}/{id}],methods=[DELETE],produces=[application/hal+json || application/json || application/*+json;charset=UTF-8]}" onto public org.springframework.http.ResponseEntity<?> org.springframework.data.rest.webmvc.RepositoryEntityController.deleteItemResource(org.springframework.data.rest.webmvc.RootResourceInformation,java.io.Serializable,org.springframework.data.rest.webmvc.support.ETag) throws org.springframework.data.rest.webmvc.ResourceNotFoundException,org.springframework.web.HttpRequestMethodNotSupportedException
2016-08-24 09:00:33.169  INFO 10532 --- [restartedMain] o.s.d.r.w.RepositoryRestHandlerMapping   : Mapped "{[/autoapi/{repository}/{id}],methods=[GET],produces=[application/hal+json || application/json || application/*+json;charset=UTF-8]}" onto public org.springframework.http.ResponseEntity<org.springframework.hateoas.Resource<?>> org.springframework.data.rest.webmvc.RepositoryEntityController.getItemResource(org.springframework.data.rest.webmvc.RootResourceInformation,java.io.Serializable,org.springframework.data.rest.webmvc.PersistentEntityResourceAssembler,org.springframework.util.MultiValueMap<java.lang.String, java.lang.String>) throws org.springframework.web.HttpRequestMethodNotSupportedException
2016-08-24 09:00:33.169  INFO 10532 --- [restartedMain] o.s.d.r.w.RepositoryRestHandlerMapping   : Mapped "{[/autoapi/{repository}/{id}],methods=[PUT],produces=[application/hal+json || application/json || application/*+json;charset=UTF-8]}" onto public org.springframework.http.ResponseEntity<? extends org.springframework.hateoas.ResourceSupport> org.springframework.data.rest.webmvc.RepositoryEntityController.putItemResource(org.springframework.data.rest.webmvc.RootResourceInformation,org.springframework.data.rest.webmvc.PersistentEntityResource,java.io.Serializable,org.springframework.data.rest.webmvc.PersistentEntityResourceAssembler,org.springframework.data.rest.webmvc.support.ETag,java.lang.String) throws org.springframework.web.HttpRequestMethodNotSupportedException
2016-08-24 09:00:33.170  INFO 10532 --- [restartedMain] o.s.d.r.w.RepositoryRestHandlerMapping   : Mapped "{[/autoapi/ || /autoapi],methods=[OPTIONS],produces=[application/hal+json || application/json || application/*+json;charset=UTF-8]}" onto public org.springframework.http.HttpEntity<?> org.springframework.data.rest.webmvc.RepositoryController.optionsForRepositories()
2016-08-24 09:00:33.170  INFO 10532 --- [restartedMain] o.s.d.r.w.RepositoryRestHandlerMapping   : Mapped "{[/autoapi/ || /autoapi],methods=[HEAD],produces=[application/hal+json || application/json || application/*+json;charset=UTF-8]}" onto public org.springframework.http.ResponseEntity<?> org.springframework.data.rest.webmvc.RepositoryController.headForRepositories()
2016-08-24 09:00:33.170  INFO 10532 --- [restartedMain] o.s.d.r.w.RepositoryRestHandlerMapping   : Mapped "{[/autoapi/ || /autoapi],methods=[GET],produces=[application/hal+json || application/json || application/*+json;charset=UTF-8]}" onto public org.springframework.http.HttpEntity<org.springframework.data.rest.webmvc.RepositoryLinksResource> org.springframework.data.rest.webmvc.RepositoryController.listRepositories()
2016-08-24 09:00:33.172  INFO 10532 --- [restartedMain] o.s.d.r.w.RepositoryRestHandlerMapping   : Mapped "{[/autoapi/{repository}/{id}/{property}],methods=[GET],produces=[application/hal+json || application/json || application/*+json;charset=UTF-8]}" onto public org.springframework.http.ResponseEntity<org.springframework.hateoas.ResourceSupport> org.springframework.data.rest.webmvc.RepositoryPropertyReferenceController.followPropertyReference(org.springframework.data.rest.webmvc.RootResourceInformation,java.io.Serializable,java.lang.String,org.springframework.data.rest.webmvc.PersistentEntityResourceAssembler) throws java.lang.Exception
2016-08-24 09:00:33.172  INFO 10532 --- [restartedMain] o.s.d.r.w.RepositoryRestHandlerMapping   : Mapped "{[/autoapi/{repository}/{id}/{property}/{propertyId}],methods=[GET],produces=[application/hal+json || application/json || application/*+json;charset=UTF-8]}" onto public org.springframework.http.ResponseEntity<org.springframework.hateoas.ResourceSupport> org.springframework.data.rest.webmvc.RepositoryPropertyReferenceController.followPropertyReference(org.springframework.data.rest.webmvc.RootResourceInformation,java.io.Serializable,java.lang.String,java.lang.String,org.springframework.data.rest.webmvc.PersistentEntityResourceAssembler) throws java.lang.Exception
2016-08-24 09:00:33.172  INFO 10532 --- [restartedMain] o.s.d.r.w.RepositoryRestHandlerMapping   : Mapped "{[/autoapi/{repository}/{id}/{property}],methods=[DELETE],produces=[application/hal+json || application/json || application/*+json;charset=UTF-8]}" onto public org.springframework.http.ResponseEntity<? extends org.springframework.hateoas.ResourceSupport> org.springframework.data.rest.webmvc.RepositoryPropertyReferenceController.deletePropertyReference(org.springframework.data.rest.webmvc.RootResourceInformation,java.io.Serializable,java.lang.String) throws java.lang.Exception
2016-08-24 09:00:33.173  INFO 10532 --- [restartedMain] o.s.d.r.w.RepositoryRestHandlerMapping   : Mapped "{[/autoapi/{repository}/{id}/{property}],methods=[GET],produces=[application/x-spring-data-compact+json || text/uri-list]}" onto public org.springframework.http.ResponseEntity<org.springframework.hateoas.ResourceSupport> org.springframework.data.rest.webmvc.RepositoryPropertyReferenceController.followPropertyReferenceCompact(org.springframework.data.rest.webmvc.RootResourceInformation,java.io.Serializable,java.lang.String,org.springframework.data.rest.webmvc.PersistentEntityResourceAssembler) throws java.lang.Exception
2016-08-24 09:00:33.173  INFO 10532 --- [restartedMain] o.s.d.r.w.RepositoryRestHandlerMapping   : Mapped "{[/autoapi/{repository}/{id}/{property}],methods=[PATCH || PUT || POST],consumes=[application/json || application/x-spring-data-compact+json || text/uri-list],produces=[application/hal+json || application/json || application/*+json;charset=UTF-8]}" onto public org.springframework.http.ResponseEntity<? extends org.springframework.hateoas.ResourceSupport> org.springframework.data.rest.webmvc.RepositoryPropertyReferenceController.createPropertyReference(org.springframework.data.rest.webmvc.RootResourceInformation,org.springframework.http.HttpMethod,org.springframework.hateoas.Resources<java.lang.Object>,java.io.Serializable,java.lang.String) throws java.lang.Exception
2016-08-24 09:00:33.173  INFO 10532 --- [restartedMain] o.s.d.r.w.RepositoryRestHandlerMapping   : Mapped "{[/autoapi/{repository}/{id}/{property}/{propertyId}],methods=[DELETE],produces=[application/hal+json || application/json || application/*+json;charset=UTF-8]}" onto public org.springframework.http.ResponseEntity<org.springframework.hateoas.ResourceSupport> org.springframework.data.rest.webmvc.RepositoryPropertyReferenceController.deletePropertyReferenceId(org.springframework.data.rest.webmvc.RootResourceInformation,java.io.Serializable,java.lang.String,java.lang.String) throws java.lang.Exception
2016-08-24 09:00:33.175  INFO 10532 --- [restartedMain] o.s.d.r.w.RepositoryRestHandlerMapping   : Mapped "{[/autoapi/{repository}/search],methods=[OPTIONS],produces=[application/hal+json || application/json || application/*+json;charset=UTF-8]}" onto public org.springframework.http.HttpEntity<?> org.springframework.data.rest.webmvc.RepositorySearchController.optionsForSearches(org.springframework.data.rest.webmvc.RootResourceInformation)
2016-08-24 09:00:33.175  INFO 10532 --- [restartedMain] o.s.d.r.w.RepositoryRestHandlerMapping   : Mapped "{[/autoapi/{repository}/search/{search}],methods=[GET],produces=[application/x-spring-data-compact+json]}" onto public org.springframework.hateoas.ResourceSupport org.springframework.data.rest.webmvc.RepositorySearchController.executeSearchCompact(org.springframework.data.rest.webmvc.RootResourceInformation,org.springframework.util.MultiValueMap<java.lang.String, java.lang.Object>,java.lang.String,java.lang.String,org.springframework.data.rest.webmvc.support.DefaultedPageable,org.springframework.data.domain.Sort,org.springframework.data.rest.webmvc.PersistentEntityResourceAssembler)
2016-08-24 09:00:33.175  INFO 10532 --- [restartedMain] o.s.d.r.w.RepositoryRestHandlerMapping   : Mapped "{[/autoapi/{repository}/search/{search}],methods=[OPTIONS],produces=[application/hal+json || application/json || application/*+json;charset=UTF-8]}" onto public org.springframework.http.ResponseEntity<java.lang.Object> org.springframework.data.rest.webmvc.RepositorySearchController.optionsForSearch(org.springframework.data.rest.webmvc.RootResourceInformation,java.lang.String)
2016-08-24 09:00:33.176  INFO 10532 --- [restartedMain] o.s.d.r.w.RepositoryRestHandlerMapping   : Mapped "{[/autoapi/{repository}/search],methods=[GET],produces=[application/hal+json || application/json || application/*+json;charset=UTF-8]}" onto public org.springframework.data.rest.webmvc.RepositorySearchesResource org.springframework.data.rest.webmvc.RepositorySearchController.listSearches(org.springframework.data.rest.webmvc.RootResourceInformation)
2016-08-24 09:00:33.176  INFO 10532 --- [restartedMain] o.s.d.r.w.RepositoryRestHandlerMapping   : Mapped "{[/autoapi/{repository}/search/{search}],methods=[HEAD],produces=[application/hal+json || application/json || application/*+json;charset=UTF-8]}" onto public org.springframework.http.ResponseEntity<java.lang.Object> org.springframework.data.rest.webmvc.RepositorySearchController.headForSearch(org.springframework.data.rest.webmvc.RootResourceInformation,java.lang.String)
2016-08-24 09:00:33.176  INFO 10532 --- [restartedMain] o.s.d.r.w.RepositoryRestHandlerMapping   : Mapped "{[/autoapi/{repository}/search],methods=[HEAD],produces=[application/hal+json || application/json || application/*+json;charset=UTF-8]}" onto public org.springframework.http.HttpEntity<?> org.springframework.data.rest.webmvc.RepositorySearchController.headForSearches(org.springframework.data.rest.webmvc.RootResourceInformation)
2016-08-24 09:00:33.176  INFO 10532 --- [restartedMain] o.s.d.r.w.RepositoryRestHandlerMapping   : Mapped "{[/autoapi/{repository}/search/{search}],methods=[GET],produces=[application/hal+json || application/json || application/*+json;charset=UTF-8]}" onto public org.springframework.http.ResponseEntity<java.lang.Object> org.springframework.data.rest.webmvc.RepositorySearchController.executeSearch(org.springframework.data.rest.webmvc.RootResourceInformation,org.springframework.util.MultiValueMap<java.lang.String, java.lang.Object>,java.lang.String,org.springframework.data.rest.webmvc.support.DefaultedPageable,org.springframework.data.domain.Sort,org.springframework.data.rest.webmvc.PersistentEntityResourceAssembler)
2016-08-24 09:00:33.179  INFO 10532 --- [restartedMain] o.s.d.r.w.BasePathAwareHandlerMapping    : Mapped "{[/autoapi/profile],methods=[GET]}" onto org.springframework.http.HttpEntity<org.springframework.hateoas.ResourceSupport> org.springframework.data.rest.webmvc.ProfileController.listAllFormsOfMetadata()
2016-08-24 09:00:33.180  INFO 10532 --- [restartedMain] o.s.d.r.w.BasePathAwareHandlerMapping    : Mapped "{[/autoapi/profile],methods=[OPTIONS]}" onto public org.springframework.http.HttpEntity<?> org.springframework.data.rest.webmvc.ProfileController.profileOptions()
2016-08-24 09:00:33.180  INFO 10532 --- [restartedMain] o.s.d.r.w.BasePathAwareHandlerMapping    : Mapped "{[/autoapi/profile/{repository}],methods=[GET],produces=[application/schema+json]}" onto public org.springframework.http.HttpEntity<org.springframework.data.rest.webmvc.json.JsonSchema> org.springframework.data.rest.webmvc.RepositorySchemaController.schema(org.springframework.data.rest.webmvc.RootResourceInformation)
2016-08-24 09:00:33.180  INFO 10532 --- [restartedMain] o.s.d.r.w.BasePathAwareHandlerMapping    : Mapped "{[/autoapi/profile/{repository}],methods=[GET],produces=[application/alps+json || */*]}" onto org.springframework.http.HttpEntity<org.springframework.data.rest.webmvc.RootResourceInformation> org.springframework.data.rest.webmvc.alps.AlpsController.descriptor(org.springframework.data.rest.webmvc.RootResourceInformation)
2016-08-24 09:00:33.180  INFO 10532 --- [restartedMain] o.s.d.r.w.BasePathAwareHandlerMapping    : Mapped "{[/autoapi/profile/{repository}],methods=[OPTIONS],produces=[application/alps+json]}" onto org.springframework.http.HttpEntity<?> org.springframework.data.rest.webmvc.alps.AlpsController.alpsOptions()
2016-08-24 09:00:33.193  INFO 10532 --- [restartedMain] .m.m.a.ExceptionHandlerExceptionResolver : Detected @ExceptionHandler methods in defaultWebControllerHandler
2016-08-24 09:00:33.193  INFO 10532 --- [restartedMain] .m.m.a.ExceptionHandlerExceptionResolver : Detected @ExceptionHandler methods in repositoryRestExceptionHandler
2016-08-24 09:00:33.193  INFO 10532 --- [restartedMain] .m.m.a.ExceptionHandlerExceptionResolver : Detected ResponseBodyAdvice implementation in org.springframework.boot.actuate.autoconfigure.EndpointWebMvcHypermediaManagementContextConfiguration$ActuatorEndpointLinksAdvice
2016-08-24 09:00:33.302  INFO 10532 --- [restartedMain] o.s.b.a.e.mvc.EndpointHandlerMapping     : Mapped "{[/manage/trace || /manage/trace.json],methods=[GET],produces=[application/json]}" onto public java.lang.Object org.springframework.boot.actuate.endpoint.mvc.EndpointMvcAdapter.invoke()
2016-08-24 09:00:33.302  INFO 10532 --- [restartedMain] o.s.b.a.e.mvc.EndpointHandlerMapping     : Mapped "{[/manage || /manage.json],produces=[application/json]}" onto public org.springframework.hateoas.ResourceSupport org.springframework.boot.actuate.endpoint.mvc.HalJsonMvcEndpoint.links()
2016-08-24 09:00:33.303  INFO 10532 --- [restartedMain] o.s.b.a.e.mvc.EndpointHandlerMapping     : Mapped "{[/manage/beans || /manage/beans.json],methods=[GET],produces=[application/json]}" onto public java.lang.Object org.springframework.boot.actuate.endpoint.mvc.EndpointMvcAdapter.invoke()
2016-08-24 09:00:33.303  INFO 10532 --- [restartedMain] o.s.b.a.e.mvc.EndpointHandlerMapping     : Mapped "{[/manage/env/{name:.*}],methods=[GET],produces=[application/json]}" onto public java.lang.Object org.springframework.boot.actuate.endpoint.mvc.EnvironmentMvcEndpoint.value(java.lang.String)
2016-08-24 09:00:33.304  INFO 10532 --- [restartedMain] o.s.b.a.e.mvc.EndpointHandlerMapping     : Mapped "{[/manage/env || /manage/env.json],methods=[GET],produces=[application/json]}" onto public java.lang.Object org.springframework.boot.actuate.endpoint.mvc.EndpointMvcAdapter.invoke()
2016-08-24 09:00:33.304  INFO 10532 --- [restartedMain] o.s.b.a.e.mvc.EndpointHandlerMapping     : Mapped "{[/manage/info || /manage/info.json],methods=[GET],produces=[application/json]}" onto public java.lang.Object org.springframework.boot.actuate.endpoint.mvc.EndpointMvcAdapter.invoke()
2016-08-24 09:00:33.304  INFO 10532 --- [restartedMain] o.s.b.a.e.mvc.EndpointHandlerMapping     : Mapped "{[/manage/configprops || /manage/configprops.json],methods=[GET],produces=[application/json]}" onto public java.lang.Object org.springframework.boot.actuate.endpoint.mvc.EndpointMvcAdapter.invoke()
2016-08-24 09:00:33.304  INFO 10532 --- [restartedMain] o.s.b.a.e.mvc.EndpointHandlerMapping     : Mapped "{[/manage/mappings || /manage/mappings.json],methods=[GET],produces=[application/json]}" onto public java.lang.Object org.springframework.boot.actuate.endpoint.mvc.EndpointMvcAdapter.invoke()
2016-08-24 09:00:33.305  INFO 10532 --- [restartedMain] o.s.b.a.e.mvc.EndpointHandlerMapping     : Mapped "{[/manage/logfile || /manage/logfile.json],methods=[GET || HEAD]}" onto public void org.springframework.boot.actuate.endpoint.mvc.LogFileMvcEndpoint.invoke(javax.servlet.http.HttpServletRequest,javax.servlet.http.HttpServletResponse) throws javax.servlet.ServletException,java.io.IOException
2016-08-24 09:00:33.305  INFO 10532 --- [restartedMain] o.s.b.a.e.mvc.EndpointHandlerMapping     : Mapped "{[/manage/autoconfig || /manage/autoconfig.json],methods=[GET],produces=[application/json]}" onto public java.lang.Object org.springframework.boot.actuate.endpoint.mvc.EndpointMvcAdapter.invoke()
2016-08-24 09:00:33.305  INFO 10532 --- [restartedMain] o.s.b.a.e.mvc.EndpointHandlerMapping     : Mapped "{[/manage/metrics/{name:.*}],methods=[GET],produces=[application/json]}" onto public java.lang.Object org.springframework.boot.actuate.endpoint.mvc.MetricsMvcEndpoint.value(java.lang.String)
2016-08-24 09:00:33.305  INFO 10532 --- [restartedMain] o.s.b.a.e.mvc.EndpointHandlerMapping     : Mapped "{[/manage/metrics || /manage/metrics.json],methods=[GET],produces=[application/json]}" onto public java.lang.Object org.springframework.boot.actuate.endpoint.mvc.EndpointMvcAdapter.invoke()
2016-08-24 09:00:33.306  INFO 10532 --- [restartedMain] o.s.b.a.e.mvc.EndpointHandlerMapping     : Mapped "{[/manage/health || /manage/health.json],produces=[application/json]}" onto public java.lang.Object org.springframework.boot.actuate.endpoint.mvc.HealthMvcEndpoint.invoke(java.security.Principal)
2016-08-24 09:00:33.306  INFO 10532 --- [restartedMain] o.s.b.a.e.mvc.EndpointHandlerMapping     : Mapped "{[/manage/dump || /manage/dump.json],methods=[GET],produces=[application/json]}" onto public java.lang.Object org.springframework.boot.actuate.endpoint.mvc.EndpointMvcAdapter.invoke()
2016-08-24 09:00:33.694  INFO 10532 --- [restartedMain] o.s.b.d.a.OptionalLiveReloadServer       : LiveReload server is running on port 35729
2016-08-24 09:00:33.781  INFO 10532 --- [restartedMain] o.s.j.e.a.AnnotationMBeanExporter        : Registering beans for JMX exposure on startup
2016-08-24 09:00:33.783  INFO 10532 --- [restartedMain] o.s.j.e.a.AnnotationMBeanExporter        : Bean with name 'dataSource' has been autodetected for JMX exposure
2016-08-24 09:00:33.789  INFO 10532 --- [restartedMain] o.s.j.e.a.AnnotationMBeanExporter        : Located MBean 'dataSource': registering with JMX server as MBean [com.zaxxer.hikari:name=dataSource,type=HikariDataSource]
2016-08-24 09:00:33.796  INFO 10532 --- [restartedMain] o.s.c.support.DefaultLifecycleProcessor  : Starting beans in phase 0
2016-08-24 09:00:33.927  INFO 10532 --- [restartedMain] s.b.c.e.t.TomcatEmbeddedServletContainer : Tomcat started on port(s): 9090 (http)
2016-08-24 09:00:33.933  INFO 10532 --- [restartedMain] com.simple.base.SimpleBaseApplication    : Started SimpleBaseApplication in 14.873 seconds (JVM running for 15.545)
